<?xml version="1.0" encoding="UTF-8"?>
<!-- Generated by org.testng.reporters.JUnitXMLReporter -->
<testsuite ignored="1" hostname="LAPTOP-UNPNO2TU" failures="2" tests="5" name="NaveenAutomationUITest" time="20.997" errors="0" timestamp="2024-03-09T18:01:48 EST">
  <testcase classname="com.naveenAutomation.tests.AccountLoginPageTest" name="validateLoginWithIncorrectPassword" time="1.2">
    <failure type="org.testng.internal.reflect.MethodMatcherException" message="
[public void com.naveenAutomation.tests.AccountLoginPageTest.validateLoginWithIncorrectPassword(java.lang.String,java.lang.String)] has no parameters defined but was found to be using a data provider (either explicitly specified or inherited from class level annotation).
Data provider mismatch
Method: validateLoginWithIncorrectPassword([Parameter{index=0, type=java.lang.String, declaredAnnotations=[]}, Parameter{index=1, type=java.lang.String, declaredAnnotations=[]}])
Arguments: [(java.lang.String) dean@gmail.com]">
      <![CDATA[org.testng.internal.reflect.MethodMatcherException: 
[public void com.naveenAutomation.tests.AccountLoginPageTest.validateLoginWithIncorrectPassword(java.lang.String,java.lang.String)] has no parameters defined but was found to be using a data provider (either explicitly specified or inherited from class level annotation).
Data provider mismatch
Method: validateLoginWithIncorrectPassword([Parameter{index=0, type=java.lang.String, declaredAnnotations=[]}, Parameter{index=1, type=java.lang.String, declaredAnnotations=[]}])
Arguments: [(java.lang.String) dean@gmail.com]
at java.base/java.util.ArrayList.forEach(ArrayList.java:1511)
... Removed 22 stack frames]]>
    </failure>
  </testcase> <!-- validateLoginWithIncorrectPassword -->
  <testcase classname="com.naveenAutomation.tests.AccountLoginPageTest" name="validateLoginWithIncorrectUsername" time="0.117">
    <failure type="org.testng.internal.reflect.MethodMatcherException" message="
[public void com.naveenAutomation.tests.AccountLoginPageTest.validateLoginWithIncorrectUsername(java.lang.String,java.lang.String)] has no parameters defined but was found to be using a data provider (either explicitly specified or inherited from class level annotation).
Data provider mismatch
Method: validateLoginWithIncorrectUsername([Parameter{index=0, type=java.lang.String, declaredAnnotations=[]}, Parameter{index=1, type=java.lang.String, declaredAnnotations=[]}])
Arguments: [(java.lang.String) peter@gmail]">
      <![CDATA[org.testng.internal.reflect.MethodMatcherException: 
[public void com.naveenAutomation.tests.AccountLoginPageTest.validateLoginWithIncorrectUsername(java.lang.String,java.lang.String)] has no parameters defined but was found to be using a data provider (either explicitly specified or inherited from class level annotation).
Data provider mismatch
Method: validateLoginWithIncorrectUsername([Parameter{index=0, type=java.lang.String, declaredAnnotations=[]}, Parameter{index=1, type=java.lang.String, declaredAnnotations=[]}])
Arguments: [(java.lang.String) peter@gmail]
at java.base/java.util.ArrayList.forEach(ArrayList.java:1511)
... Removed 22 stack frames]]>
    </failure>
  </testcase> <!-- validateLoginWithIncorrectUsername -->
  <testcase classname="com.naveenAutomation.tests.MyAccountPageTest" name="validateEditAccountInfo" time="3.489"/>
  <testcase classname="com.naveenAutomation.tests.MyAccountPageTest" name="validateLogin" time="1.196"/>
  <testcase classname="com.naveenAutomation.tests.MyAccountPageTest" name="validateUpdatePassword" time="2.609"/>
  <testcase classname="com.naveenAutomation.testBase.TestBase" name="@BeforeSuite setUpLogger" time="0.0">
    <ignored/>
  </testcase> <!-- @BeforeSuite setUpLogger -->
</testsuite> <!-- NaveenAutomationUITest -->
