<?xml version="1.0" encoding="UTF-8"?>
<!-- Generated by org.testng.reporters.JUnitXMLReporter -->
<testsuite ignored="2" hostname="LAPTOP-UNPNO2TU" failures="1" tests="7" name="NaveenAutomationUITesting" time="47.461" errors="0" timestamp="2024-03-09T18:44:06 EST">
  <testcase classname="com.naveenAutomation.tests.ReturnPageTest" name="validateReturnRequestWithInvalidEmail" time="5.193"/>
  <testcase classname="com.naveenAutomation.tests.ReturnPageTest" name="validateReturnRequestWithMissingOrderId" time="3.708"/>
  <testcase classname="com.naveenAutomation.tests.MyAccountPageTest" name="validateEditAccountInfo" time="2.912"/>
  <testcase classname="com.naveenAutomation.tests.MyAccountPageTest" name="validateLogin" time="1.116">
    <skipped/>
  </testcase> <!-- validateLogin -->
  <testcase classname="com.naveenAutomation.tests.MyAccountPageTest" name="validateLogin" time="1.085">
    <failure type="java.lang.AssertionError" message="expected [My Account1] but found [My Account]">
      <![CDATA[java.lang.AssertionError: expected [My Account1] but found [My Account]
at com.naveenAutomation.tests.MyAccountPageTest.validateLogin(MyAccountPageTest.java:40)
at java.base/java.util.ArrayList.forEach(ArrayList.java:1511)
... Removed 33 stack frames]]>
    </failure>
  </testcase> <!-- validateLogin -->
  <testcase classname="com.naveenAutomation.tests.MyAccountPageTest" name="validateUpdatePassword" time="2.396"/>
  <testcase classname="com.naveenAutomation.tests.AddressBookPageTest" name="validateSubmitAddress" time="4.172"/>
  <testcase classname="com.naveenAutomation.testBase.TestBase" name="@BeforeSuite setUpLogger" time="0.0">
    <ignored/>
  </testcase> <!-- @BeforeSuite setUpLogger -->
  <testcase classname="com.naveenAutomation.testBase.TestBase" name="@BeforeSuite setUpLogger" time="0.0">
    <ignored/>
  </testcase> <!-- @BeforeSuite setUpLogger -->
</testsuite> <!-- NaveenAutomationUITesting -->
