<?xml version="1.0" encoding="UTF-8"?>
<!-- Generated by org.testng.reporters.JUnitXMLReporter -->
<testsuite ignored="15" hostname="LAPTOP-UNPNO2TU" failures="2" tests="30" name="Test" time="192.833" errors="0" timestamp="2024-03-09T18:19:39 EST">
  <testcase classname="com.naveenAutomation.tests.ReturnPageTest" name="validateReturnRequestWithInvalidEmail" time="5.613"/>
  <testcase classname="com.naveenAutomation.tests.ReturnPageTest" name="validateReturnRequestWithMissingOrderId" time="3.708"/>
  <testcase classname="com.naveenAutomation.tests.AddressBookPageTest" name="validateSubmitAddress" time="3.929"/>
  <testcase classname="com.naveenAutomation.tests.AccountLoginPageTest" name="validateLoginWithIncorrectPassword" time="0.078">
    <failure type="org.testng.internal.reflect.MethodMatcherException" message="
[public void com.naveenAutomation.tests.AccountLoginPageTest.validateLoginWithIncorrectPassword(java.lang.String,java.lang.String)] has no parameters defined but was found to be using a data provider (either explicitly specified or inherited from class level annotation).
Data provider mismatch
Method: validateLoginWithIncorrectPassword([Parameter{index=0, type=java.lang.String, declaredAnnotations=[]}, Parameter{index=1, type=java.lang.String, declaredAnnotations=[]}])
Arguments: [(java.lang.String) dean@gmail.com]">
      <![CDATA[org.testng.internal.reflect.MethodMatcherException: 
[public void com.naveenAutomation.tests.AccountLoginPageTest.validateLoginWithIncorrectPassword(java.lang.String,java.lang.String)] has no parameters defined but was found to be using a data provider (either explicitly specified or inherited from class level annotation).
Data provider mismatch
Method: validateLoginWithIncorrectPassword([Parameter{index=0, type=java.lang.String, declaredAnnotations=[]}, Parameter{index=1, type=java.lang.String, declaredAnnotations=[]}])
Arguments: [(java.lang.String) dean@gmail.com]
at java.base/java.util.ArrayList.forEach(ArrayList.java:1511)
... Removed 22 stack frames]]>
    </failure>
  </testcase> <!-- validateLoginWithIncorrectPassword -->
  <testcase classname="com.naveenAutomation.tests.AccountLoginPageTest" name="validateLoginWithIncorrectUsername" time="0.07">
    <failure type="org.testng.internal.reflect.MethodMatcherException" message="
[public void com.naveenAutomation.tests.AccountLoginPageTest.validateLoginWithIncorrectUsername(java.lang.String,java.lang.String)] has no parameters defined but was found to be using a data provider (either explicitly specified or inherited from class level annotation).
Data provider mismatch
Method: validateLoginWithIncorrectUsername([Parameter{index=0, type=java.lang.String, declaredAnnotations=[]}, Parameter{index=1, type=java.lang.String, declaredAnnotations=[]}])
Arguments: [(java.lang.String) peter@gmail]">
      <![CDATA[org.testng.internal.reflect.MethodMatcherException: 
[public void com.naveenAutomation.tests.AccountLoginPageTest.validateLoginWithIncorrectUsername(java.lang.String,java.lang.String)] has no parameters defined but was found to be using a data provider (either explicitly specified or inherited from class level annotation).
Data provider mismatch
Method: validateLoginWithIncorrectUsername([Parameter{index=0, type=java.lang.String, declaredAnnotations=[]}, Parameter{index=1, type=java.lang.String, declaredAnnotations=[]}])
Arguments: [(java.lang.String) peter@gmail]
at java.base/java.util.ArrayList.forEach(ArrayList.java:1511)
... Removed 22 stack frames]]>
    </failure>
  </testcase> <!-- validateLoginWithIncorrectUsername -->
  <testcase classname="com.naveenAutomation.tests.OrderConfirmationPageTest" name="validateCompletePurchaseForMultipleItems" time="13.113"/>
  <testcase classname="com.naveenAutomation.tests.OrderConfirmationPageTest" name="validateCompletePurchaseForSingleItem" time="12.258"/>
  <testcase classname="com.naveenAutomation.tests.ContactUsPageTest" name="validateContactUsWithIncompleteName" time="1.066"/>
  <testcase classname="com.naveenAutomation.tests.ContactUsPageTest" name="validateContactUsWithInvalidEmail" time="1.058"/>
  <testcase classname="com.naveenAutomation.tests.ContactUsPageTest" name="validateContactUsWithInvalidEnquiryLength" time="1.149"/>
  <testcase classname="com.naveenAutomation.tests.GiftPurchaseConfirmationPageTest" name="validateGiftCertificatePurchase" time="1.721"/>
  <testcase classname="com.naveenAutomation.tests.AddAddressPageTest" name="validateSubmitIncompleteAddress" time="3.514"/>
  <testcase classname="com.naveenAutomation.tests.MyAccountPageTest" name="validateEditAccountInfo" time="3.002"/>
  <testcase classname="com.naveenAutomation.tests.MyAccountPageTest" name="validateLogin" time="0.938"/>
  <testcase classname="com.naveenAutomation.tests.MyAccountPageTest" name="validateUpdatePassword" time="2.398"/>
  <testcase classname="com.naveenAutomation.tests.ContactUsSuccessPageTest" name="validateContactUsSubmission" time="1.86"/>
  <testcase classname="com.naveenAutomation.tests.ChangePasswordPageTest" name="validateUpdatePasswordWithMismatchedConfirmation" time="1.942"/>
  <testcase classname="com.naveenAutomation.tests.MyAccountInformationPageTest" name="validateUpdateAccountInfoWithInvalidEmail" time="2.556"/>
  <testcase classname="com.naveenAutomation.tests.MyAccountInformationPageTest" name="validateUpdateAccountInfoWithMissingPhoneNum" time="2.664"/>
  <testcase classname="com.naveenAutomation.tests.ReturnConfirmationPageTest" name="validateSubmitReturnRequest" time="3.923"/>
  <testcase classname="com.naveenAutomation.tests.MyWishListPageTest" name="validateAddItemToWishList" time="2.959"/>
  <testcase classname="com.naveenAutomation.tests.MyWishListPageTest" name="validateAddMultipleItemsToWishList" time="3.11"/>
  <testcase classname="com.naveenAutomation.tests.MyWishListPageTest" name="validateMoveWishListItemToCart" time="3.29"/>
  <testcase classname="com.naveenAutomation.tests.MyWishListPageTest" name="validateRemoveItemFromWishList" time="4.1"/>
  <testcase classname="com.naveenAutomation.tests.AccountLogoutPageTest" name="validateSignOutFromMyAccountDropDwn" time="1.938"/>
  <testcase classname="com.naveenAutomation.tests.AccountLogoutPageTest" name="validateSignOutFromSideMenuBtn" time="2.055"/>
  <testcase classname="com.naveenAutomation.tests.GiftCertificatePageTest" name="validateGiftPurchaseWithIncompleteAmount" time="1.37"/>
  <testcase classname="com.naveenAutomation.tests.GiftCertificatePageTest" name="validateGiftPurchaseWithInvalidRecipientEmail" time="1.441"/>
  <testcase classname="com.naveenAutomation.tests.ShoppingCartPageTest" name="validateAddToCart" time="4.159"/>
  <testcase classname="com.naveenAutomation.tests.ShoppingCartPageTest" name="validateAddToCartForMultipleItems" time="4.537"/>
  <testcase classname="com.naveenAutomation.testBase.TestBase" name="@BeforeSuite setUpLogger" time="0.0">
    <ignored/>
  </testcase> <!-- @BeforeSuite setUpLogger -->
  <testcase classname="com.naveenAutomation.testBase.TestBase" name="@BeforeSuite setUpLogger" time="0.0">
    <ignored/>
  </testcase> <!-- @BeforeSuite setUpLogger -->
  <testcase classname="com.naveenAutomation.testBase.TestBase" name="@BeforeSuite setUpLogger" time="0.0">
    <ignored/>
  </testcase> <!-- @BeforeSuite setUpLogger -->
  <testcase classname="com.naveenAutomation.testBase.TestBase" name="@BeforeSuite setUpLogger" time="0.0">
    <ignored/>
  </testcase> <!-- @BeforeSuite setUpLogger -->
  <testcase classname="com.naveenAutomation.testBase.TestBase" name="@BeforeSuite setUpLogger" time="0.0">
    <ignored/>
  </testcase> <!-- @BeforeSuite setUpLogger -->
  <testcase classname="com.naveenAutomation.testBase.TestBase" name="@BeforeSuite setUpLogger" time="0.0">
    <ignored/>
  </testcase> <!-- @BeforeSuite setUpLogger -->
  <testcase classname="com.naveenAutomation.testBase.TestBase" name="@BeforeSuite setUpLogger" time="0.0">
    <ignored/>
  </testcase> <!-- @BeforeSuite setUpLogger -->
  <testcase classname="com.naveenAutomation.testBase.TestBase" name="@BeforeSuite setUpLogger" time="0.0">
    <ignored/>
  </testcase> <!-- @BeforeSuite setUpLogger -->
  <testcase classname="com.naveenAutomation.testBase.TestBase" name="@BeforeSuite setUpLogger" time="0.0">
    <ignored/>
  </testcase> <!-- @BeforeSuite setUpLogger -->
  <testcase classname="com.naveenAutomation.testBase.TestBase" name="@BeforeSuite setUpLogger" time="0.0">
    <ignored/>
  </testcase> <!-- @BeforeSuite setUpLogger -->
  <testcase classname="com.naveenAutomation.testBase.TestBase" name="@BeforeSuite setUpLogger" time="0.0">
    <ignored/>
  </testcase> <!-- @BeforeSuite setUpLogger -->
  <testcase classname="com.naveenAutomation.testBase.TestBase" name="@BeforeSuite setUpLogger" time="0.0">
    <ignored/>
  </testcase> <!-- @BeforeSuite setUpLogger -->
  <testcase classname="com.naveenAutomation.testBase.TestBase" name="@BeforeSuite setUpLogger" time="0.0">
    <ignored/>
  </testcase> <!-- @BeforeSuite setUpLogger -->
  <testcase classname="com.naveenAutomation.testBase.TestBase" name="@BeforeSuite setUpLogger" time="0.0">
    <ignored/>
  </testcase> <!-- @BeforeSuite setUpLogger -->
  <testcase classname="com.naveenAutomation.testBase.TestBase" name="@BeforeSuite setUpLogger" time="0.0">
    <ignored/>
  </testcase> <!-- @BeforeSuite setUpLogger -->
</testsuite> <!-- Test -->
