<html>
<head>
<title>TestNG:  Test</title>
<link href="../testng.css" rel="stylesheet" type="text/css" />
<link href="../my-testng.css" rel="stylesheet" type="text/css" />

<style type="text/css">
.log { display: none;} 
.stack-trace { display: none;} 
</style>
<script type="text/javascript">
<!--
function flip(e) {
  current = e.style.display;
  if (current == 'block') {
    e.style.display = 'none';
    return 0;
  }
  else {
    e.style.display = 'block';
    return 1;
  }
}

function toggleBox(szDivId, elem, msg1, msg2)
{
  var res = -1;  if (document.getElementById) {
    res = flip(document.getElementById(szDivId));
  }
  else if (document.all) {
    // this is the way old msie versions work
    res = flip(document.all[szDivId]);
  }
  if(elem) {
    if(res == 0) elem.innerHTML = msg1; else elem.innerHTML = msg2;
  }

}

function toggleAllBoxes() {
  if (document.getElementsByTagName) {
    d = document.getElementsByTagName('div');
    for (i = 0; i < d.length; i++) {
      if (d[i].className == 'log') {
        flip(d[i]);
      }
    }
  }
}

// -->
</script>

</head>
<body>
<h2 align='center'>Test</h2><table border='1' align="center">
<tr>
<td>Tests passed/Failed/Skipped:</td><td>28/2/0</td>
</tr><tr>
<td>Started on:</td><td>Sat Mar 09 18:16:26 EST 2024</td>
</tr>
<tr><td>Total time:</td><td>192 seconds (192833 ms)</td>
</tr><tr>
<td>Included groups:</td><td></td>
</tr><tr>
<td>Excluded groups:</td><td></td>
</tr>
</table><p/>
<small><i>(Hover the method name to see the test class name)</i></small><p/>
<table width='100%' border='1' class='invocation-failed'>
<tr><td colspan='4' align='center'><b>FAILED TESTS</b></td></tr>
<tr><td><b>Test method</b></td>
<td width="30%"><b>Exception</b></td>
<td width="10%"><b>Time (seconds)</b></td>
<td><b>Instance</b></td>
</tr>
<tr>
<td title='com.naveenAutomation.tests.AccountLoginPageTest.validateLoginWithIncorrectUsername()'><b>validateLoginWithIncorrectUsername</b><br>Test class: com.naveenAutomation.tests.AccountLoginPageTest</td>
<td><div><pre>org.testng.internal.reflect.MethodMatcherException: 
[public void com.naveenAutomation.tests.AccountLoginPageTest.validateLoginWithIncorrectUsername(java.lang.String,java.lang.String)] has no parameters defined but was found to be using a data provider (either explicitly specified or inherited from class level annotation).
Data provider mismatch
Method: validateLoginWithIncorrectUsername([Parameter{index=0, type=java.lang.String, declaredAnnotations=[]}, Parameter{index=1, type=java.lang.String, declaredAnnotations=[]}])
Arguments: [(java.lang.String) peter@gmail]
	at java.base/java.util.ArrayList.forEach(ArrayList.java:1511)
... Removed 22 stack frames</pre></div><a href='#' onClick='toggleBox("stack-trace298060389", this, "Click to show all stack frames", "Click to hide stack frames")'>Click to show all stack frames</a>
<div class='stack-trace' id='stack-trace298060389'><pre>org.testng.internal.reflect.MethodMatcherException: 
[public void com.naveenAutomation.tests.AccountLoginPageTest.validateLoginWithIncorrectUsername(java.lang.String,java.lang.String)] has no parameters defined but was found to be using a data provider (either explicitly specified or inherited from class level annotation).
Data provider mismatch
Method: validateLoginWithIncorrectUsername([Parameter{index=0, type=java.lang.String, declaredAnnotations=[]}, Parameter{index=1, type=java.lang.String, declaredAnnotations=[]}])
Arguments: [(java.lang.String) peter@gmail]
	at org.testng.internal.reflect.DataProviderMethodMatcher.getConformingArguments(DataProviderMethodMatcher.java:43)
	at org.testng.internal.Parameters.injectParameters(Parameters.java:914)
	at org.testng.internal.MethodRunner.runInSequence(MethodRunner.java:34)
	at org.testng.internal.TestInvoker$MethodInvocationAgent.invoke(TestInvoker.java:824)
	at org.testng.internal.TestInvoker.invokeTestMethods(TestInvoker.java:146)
	at org.testng.internal.TestMethodWorker.invokeTestMethods(TestMethodWorker.java:146)
	at org.testng.internal.TestMethodWorker.run(TestMethodWorker.java:128)
	at java.base/java.util.ArrayList.forEach(ArrayList.java:1511)
	at org.testng.TestRunner.privateRun(TestRunner.java:794)
	at org.testng.TestRunner.run(TestRunner.java:596)
	at org.testng.SuiteRunner.runTest(SuiteRunner.java:377)
	at org.testng.SuiteRunner.runSequentially(SuiteRunner.java:371)
	at org.testng.SuiteRunner.privateRun(SuiteRunner.java:332)
	at org.testng.SuiteRunner.run(SuiteRunner.java:276)
	at org.testng.SuiteRunnerWorker.runSuite(SuiteRunnerWorker.java:53)
	at org.testng.SuiteRunnerWorker.run(SuiteRunnerWorker.java:96)
	at org.testng.TestNG.runSuitesSequentially(TestNG.java:1212)
	at org.testng.TestNG.runSuitesLocally(TestNG.java:1134)
	at org.testng.TestNG.runSuites(TestNG.java:1063)
	at org.testng.TestNG.run(TestNG.java:1031)
	at org.testng.remote.AbstractRemoteTestNG.run(AbstractRemoteTestNG.java:115)
	at org.testng.remote.RemoteTestNG.initAndRun(RemoteTestNG.java:251)
	at org.testng.remote.RemoteTestNG.main(RemoteTestNG.java:77)
</pre></div></td>
<td>0</td>
<td>com.naveenAutomation.tests.AccountLoginPageTest@15f2eda3</td></tr>
<tr>
<td title='com.naveenAutomation.tests.AccountLoginPageTest.validateLoginWithIncorrectPassword()'><b>validateLoginWithIncorrectPassword</b><br>Test class: com.naveenAutomation.tests.AccountLoginPageTest</td>
<td><div><pre>org.testng.internal.reflect.MethodMatcherException: 
[public void com.naveenAutomation.tests.AccountLoginPageTest.validateLoginWithIncorrectPassword(java.lang.String,java.lang.String)] has no parameters defined but was found to be using a data provider (either explicitly specified or inherited from class level annotation).
Data provider mismatch
Method: validateLoginWithIncorrectPassword([Parameter{index=0, type=java.lang.String, declaredAnnotations=[]}, Parameter{index=1, type=java.lang.String, declaredAnnotations=[]}])
Arguments: [(java.lang.String) dean@gmail.com]
	at java.base/java.util.ArrayList.forEach(ArrayList.java:1511)
... Removed 22 stack frames</pre></div><a href='#' onClick='toggleBox("stack-trace1262371411", this, "Click to show all stack frames", "Click to hide stack frames")'>Click to show all stack frames</a>
<div class='stack-trace' id='stack-trace1262371411'><pre>org.testng.internal.reflect.MethodMatcherException: 
[public void com.naveenAutomation.tests.AccountLoginPageTest.validateLoginWithIncorrectPassword(java.lang.String,java.lang.String)] has no parameters defined but was found to be using a data provider (either explicitly specified or inherited from class level annotation).
Data provider mismatch
Method: validateLoginWithIncorrectPassword([Parameter{index=0, type=java.lang.String, declaredAnnotations=[]}, Parameter{index=1, type=java.lang.String, declaredAnnotations=[]}])
Arguments: [(java.lang.String) dean@gmail.com]
	at org.testng.internal.reflect.DataProviderMethodMatcher.getConformingArguments(DataProviderMethodMatcher.java:43)
	at org.testng.internal.Parameters.injectParameters(Parameters.java:914)
	at org.testng.internal.MethodRunner.runInSequence(MethodRunner.java:34)
	at org.testng.internal.TestInvoker$MethodInvocationAgent.invoke(TestInvoker.java:824)
	at org.testng.internal.TestInvoker.invokeTestMethods(TestInvoker.java:146)
	at org.testng.internal.TestMethodWorker.invokeTestMethods(TestMethodWorker.java:146)
	at org.testng.internal.TestMethodWorker.run(TestMethodWorker.java:128)
	at java.base/java.util.ArrayList.forEach(ArrayList.java:1511)
	at org.testng.TestRunner.privateRun(TestRunner.java:794)
	at org.testng.TestRunner.run(TestRunner.java:596)
	at org.testng.SuiteRunner.runTest(SuiteRunner.java:377)
	at org.testng.SuiteRunner.runSequentially(SuiteRunner.java:371)
	at org.testng.SuiteRunner.privateRun(SuiteRunner.java:332)
	at org.testng.SuiteRunner.run(SuiteRunner.java:276)
	at org.testng.SuiteRunnerWorker.runSuite(SuiteRunnerWorker.java:53)
	at org.testng.SuiteRunnerWorker.run(SuiteRunnerWorker.java:96)
	at org.testng.TestNG.runSuitesSequentially(TestNG.java:1212)
	at org.testng.TestNG.runSuitesLocally(TestNG.java:1134)
	at org.testng.TestNG.runSuites(TestNG.java:1063)
	at org.testng.TestNG.run(TestNG.java:1031)
	at org.testng.remote.AbstractRemoteTestNG.run(AbstractRemoteTestNG.java:115)
	at org.testng.remote.RemoteTestNG.initAndRun(RemoteTestNG.java:251)
	at org.testng.remote.RemoteTestNG.main(RemoteTestNG.java:77)
</pre></div></td>
<td>0</td>
<td>com.naveenAutomation.tests.AccountLoginPageTest@15f2eda3</td></tr>
</table><p>
<table width='100%' border='1' class='invocation-passed'>
<tr><td colspan='4' align='center'><b>PASSED TESTS</b></td></tr>
<tr><td><b>Test method</b></td>
<td width="30%"><b>Exception</b></td>
<td width="10%"><b>Time (seconds)</b></td>
<td><b>Instance</b></td>
</tr>
<tr>
<td title='com.naveenAutomation.tests.GiftCertificatePageTest.validateGiftPurchaseWithInvalidRecipientEmail()'><b>validateGiftPurchaseWithInvalidRecipientEmail</b><br>Test class: com.naveenAutomation.tests.GiftCertificatePageTest<br>Parameters: Sam, sam123, Dean, dean@dean.com, Testing1, 23</td>
<td></td>
<td>1</td>
<td>com.naveenAutomation.tests.GiftCertificatePageTest@75798d03</td></tr>
<tr>
<td title='com.naveenAutomation.tests.ContactUsPageTest.validateContactUsWithInvalidEmail()'><b>validateContactUsWithInvalidEmail</b><br>Test class: com.naveenAutomation.tests.ContactUsPageTest<br>Parameters: Paula, paula, This is test enquiry1</td>
<td></td>
<td>1</td>
<td>com.naveenAutomation.tests.ContactUsPageTest@62566842</td></tr>
<tr>
<td title='com.naveenAutomation.tests.ReturnConfirmationPageTest.validateSubmitReturnRequest()'><b>validateSubmitReturnRequest</b><br>Test class: com.naveenAutomation.tests.ReturnConfirmationPageTest<br>Parameters: Paula, S, ps@ps.co, 123456, PO123, January 2024, 14, Laptop, LP12</td>
<td></td>
<td>3</td>
<td>com.naveenAutomation.tests.ReturnConfirmationPageTest@26a262d6</td></tr>
<tr>
<td title='com.naveenAutomation.tests.ReturnPageTest.validateReturnRequestWithInvalidEmail()'><b>validateReturnRequestWithInvalidEmail</b><br>Test class: com.naveenAutomation.tests.ReturnPageTest<br>Parameters: Paula, S, ps, 123456, PO123, January 2024, 14, Laptop, LP12</td>
<td></td>
<td>5</td>
<td>com.naveenAutomation.tests.ReturnPageTest@e3994ef</td></tr>
<tr>
<td title='com.naveenAutomation.tests.AccountLogoutPageTest.validateSignOutFromSideMenuBtn()'><b>validateSignOutFromSideMenuBtn</b><br>Test class: com.naveenAutomation.tests.AccountLogoutPageTest<br>Parameters: peter@gmail.com, Password2</td>
<td></td>
<td>2</td>
<td>com.naveenAutomation.tests.AccountLogoutPageTest@58f07f02</td></tr>
<tr>
<td title='com.naveenAutomation.tests.ContactUsPageTest.validateContactUsWithInvalidEnquiryLength()'><b>validateContactUsWithInvalidEnquiryLength</b><br>Test class: com.naveenAutomation.tests.ContactUsPageTest<br>Parameters: Paula, paula@paula.com, En</td>
<td></td>
<td>1</td>
<td>com.naveenAutomation.tests.ContactUsPageTest@62566842</td></tr>
<tr>
<td title='com.naveenAutomation.tests.GiftPurchaseConfirmationPageTest.validateGiftCertificatePurchase()'><b>validateGiftCertificatePurchase</b><br>Test class: com.naveenAutomation.tests.GiftPurchaseConfirmationPageTest<br>Parameters: Sam, sam@sam.com, Dean, dean@dean.com, Testing1, 23</td>
<td></td>
<td>1</td>
<td>com.naveenAutomation.tests.GiftPurchaseConfirmationPageTest@2f1ea80d</td></tr>
<tr>
<td title='com.naveenAutomation.tests.ChangePasswordPageTest.validateUpdatePasswordWithMismatchedConfirmation()'><b>validateUpdatePasswordWithMismatchedConfirmation</b><br>Test class: com.naveenAutomation.tests.ChangePasswordPageTest<br>Parameters: peter@gmail.com, Password2, Password2, Password</td>
<td></td>
<td>1</td>
<td>com.naveenAutomation.tests.ChangePasswordPageTest@4dbad37</td></tr>
<tr>
<td title='com.naveenAutomation.tests.AddressBookPageTest.validateSubmitAddress()'><b>validateSubmitAddress</b><br>Test class: com.naveenAutomation.tests.AddressBookPageTest<br>Parameters: peter@gmail.com, Password2, Peter, S, Toronto, 123 Road, M9W3M3, Canada, Ontario, 38, 610</td>
<td></td>
<td>3</td>
<td>com.naveenAutomation.tests.AddressBookPageTest@21618fa7</td></tr>
<tr>
<td title='com.naveenAutomation.tests.AccountLogoutPageTest.validateSignOutFromMyAccountDropDwn()'><b>validateSignOutFromMyAccountDropDwn</b><br>Test class: com.naveenAutomation.tests.AccountLogoutPageTest<br>Parameters: peter@gmail.com, Password2</td>
<td></td>
<td>1</td>
<td>com.naveenAutomation.tests.AccountLogoutPageTest@58f07f02</td></tr>
<tr>
<td title='com.naveenAutomation.tests.MyAccountInformationPageTest.validateUpdateAccountInfoWithInvalidEmail()'><b>validateUpdateAccountInfoWithInvalidEmail</b><br>Test class: com.naveenAutomation.tests.MyAccountInformationPageTest<br>Parameters: peter@gmail.com, Password2, Peter R, Joy, peter@gmail, 123456</td>
<td></td>
<td>2</td>
<td>com.naveenAutomation.tests.MyAccountInformationPageTest@7b4acdc2</td></tr>
<tr>
<td title='com.naveenAutomation.tests.ShoppingCartPageTest.validateAddToCart()'><b>validateAddToCart</b><br>Test class: com.naveenAutomation.tests.ShoppingCartPageTest<br>Parameters: peter@gmail.com, Password2</td>
<td></td>
<td>4</td>
<td>com.naveenAutomation.tests.ShoppingCartPageTest@40f8f5a8</td></tr>
<tr>
<td title='com.naveenAutomation.tests.MyWishListPageTest.validateMoveWishListItemToCart()'><b>validateMoveWishListItemToCart</b><br>Test class: com.naveenAutomation.tests.MyWishListPageTest<br>Parameters: peter@gmail.com, Password2</td>
<td></td>
<td>3</td>
<td>com.naveenAutomation.tests.MyWishListPageTest@11bd803</td></tr>
<tr>
<td title='com.naveenAutomation.tests.MyAccountPageTest.validateLogin()'><b>validateLogin</b><br>Test class: com.naveenAutomation.tests.MyAccountPageTest<br>Parameters: peter@gmail.com, Password2</td>
<td></td>
<td>0</td>
<td>com.naveenAutomation.tests.MyAccountPageTest@f1a45f8</td></tr>
<tr>
<td title='com.naveenAutomation.tests.MyAccountPageTest.validateUpdatePassword()'><b>validateUpdatePassword</b><br>Test class: com.naveenAutomation.tests.MyAccountPageTest<br>Parameters: peter@gmail.com, Password2, Password2</td>
<td></td>
<td>2</td>
<td>com.naveenAutomation.tests.MyAccountPageTest@f1a45f8</td></tr>
<tr>
<td title='com.naveenAutomation.tests.MyAccountInformationPageTest.validateUpdateAccountInfoWithMissingPhoneNum()'><b>validateUpdateAccountInfoWithMissingPhoneNum</b><br>Test class: com.naveenAutomation.tests.MyAccountInformationPageTest<br>Parameters: peter@gmail.com, Password2, Peter R, Joy</td>
<td></td>
<td>2</td>
<td>com.naveenAutomation.tests.MyAccountInformationPageTest@7b4acdc2</td></tr>
<tr>
<td title='com.naveenAutomation.tests.OrderConfirmationPageTest.validateCompletePurchaseForSingleItem()'><b>validateCompletePurchaseForSingleItem</b><br>Test class: com.naveenAutomation.tests.OrderConfirmationPageTest<br>Parameters: peter@gmail.com, Password2, Peter, S, Toronto, 123 Drive, M9W3M3, Canada, 38, Ontario, 610</td>
<td></td>
<td>12</td>
<td>com.naveenAutomation.tests.OrderConfirmationPageTest@34cf294c</td></tr>
<tr>
<td title='com.naveenAutomation.tests.ReturnPageTest.validateReturnRequestWithMissingOrderId()'><b>validateReturnRequestWithMissingOrderId</b><br>Test class: com.naveenAutomation.tests.ReturnPageTest<br>Parameters: Paula, S, ps@ps.co, 123456, January 2024, 14, Laptop, LP12</td>
<td></td>
<td>3</td>
<td>com.naveenAutomation.tests.ReturnPageTest@e3994ef</td></tr>
<tr>
<td title='com.naveenAutomation.tests.AddAddressPageTest.validateSubmitIncompleteAddress()'><b>validateSubmitIncompleteAddress</b><br>Test class: com.naveenAutomation.tests.AddAddressPageTest<br>Parameters: peter@gmail.com, Password2, Peter, S, Toronto, M9W3M3, Canada, Ontario, 38, 610</td>
<td></td>
<td>3</td>
<td>com.naveenAutomation.tests.AddAddressPageTest@37191ef0</td></tr>
<tr>
<td title='com.naveenAutomation.tests.MyAccountPageTest.validateEditAccountInfo()'><b>validateEditAccountInfo</b><br>Test class: com.naveenAutomation.tests.MyAccountPageTest<br>Parameters: charlie@gmail.com, Password3, Charles, Thomson, 123450</td>
<td></td>
<td>3</td>
<td>com.naveenAutomation.tests.MyAccountPageTest@f1a45f8</td></tr>
<tr>
<td title='com.naveenAutomation.tests.GiftCertificatePageTest.validateGiftPurchaseWithIncompleteAmount()'><b>validateGiftPurchaseWithIncompleteAmount</b><br>Test class: com.naveenAutomation.tests.GiftCertificatePageTest<br>Parameters: Sam, sam@sam.com, Dean, dean@dean.com, Testing1</td>
<td></td>
<td>1</td>
<td>com.naveenAutomation.tests.GiftCertificatePageTest@75798d03</td></tr>
<tr>
<td title='com.naveenAutomation.tests.MyWishListPageTest.validateAddMultipleItemsToWishList()'><b>validateAddMultipleItemsToWishList</b><br>Test class: com.naveenAutomation.tests.MyWishListPageTest<br>Parameters: peter@gmail.com, Password2</td>
<td></td>
<td>3</td>
<td>com.naveenAutomation.tests.MyWishListPageTest@11bd803</td></tr>
<tr>
<td title='com.naveenAutomation.tests.ContactUsSuccessPageTest.validateContactUsSubmission()'><b>validateContactUsSubmission</b><br>Test class: com.naveenAutomation.tests.ContactUsSuccessPageTest<br>Parameters: Paula, paula@paula.com, This is test enquiry1</td>
<td></td>
<td>1</td>
<td>com.naveenAutomation.tests.ContactUsSuccessPageTest@5edf2821</td></tr>
<tr>
<td title='com.naveenAutomation.tests.MyWishListPageTest.validateAddItemToWishList()'><b>validateAddItemToWishList</b><br>Test class: com.naveenAutomation.tests.MyWishListPageTest<br>Parameters: peter@gmail.com, Password2</td>
<td></td>
<td>2</td>
<td>com.naveenAutomation.tests.MyWishListPageTest@11bd803</td></tr>
<tr>
<td title='com.naveenAutomation.tests.ContactUsPageTest.validateContactUsWithIncompleteName()'><b>validateContactUsWithIncompleteName</b><br>Test class: com.naveenAutomation.tests.ContactUsPageTest<br>Parameters: paula@paula.com, This is test enquiry1</td>
<td></td>
<td>1</td>
<td>com.naveenAutomation.tests.ContactUsPageTest@62566842</td></tr>
<tr>
<td title='com.naveenAutomation.tests.MyWishListPageTest.validateRemoveItemFromWishList()'><b>validateRemoveItemFromWishList</b><br>Test class: com.naveenAutomation.tests.MyWishListPageTest<br>Parameters: peter@gmail.com, Password2</td>
<td></td>
<td>4</td>
<td>com.naveenAutomation.tests.MyWishListPageTest@11bd803</td></tr>
<tr>
<td title='com.naveenAutomation.tests.ShoppingCartPageTest.validateAddToCartForMultipleItems()'><b>validateAddToCartForMultipleItems</b><br>Test class: com.naveenAutomation.tests.ShoppingCartPageTest<br>Parameters: peter@gmail.com, Password2</td>
<td></td>
<td>4</td>
<td>com.naveenAutomation.tests.ShoppingCartPageTest@40f8f5a8</td></tr>
<tr>
<td title='com.naveenAutomation.tests.OrderConfirmationPageTest.validateCompletePurchaseForMultipleItems()'><b>validateCompletePurchaseForMultipleItems</b><br>Test class: com.naveenAutomation.tests.OrderConfirmationPageTest<br>Parameters: peter@gmail.com, Password2, Peter, S, Toronto, 123 Drive, M9W3M3, Canada, 38, Ontario, 610</td>
<td></td>
<td>13</td>
<td>com.naveenAutomation.tests.OrderConfirmationPageTest@34cf294c</td></tr>
</table><p>
</body>
</html>